<?xml version="1.0" encoding="UTF-8"?>
<testng-results skipped="0" failed="0" total="1" passed="1">
  <reporter-output>
  </reporter-output>
  <suite name="Default suite" duration-ms="24893" started-at="2020-07-24T05:49:31Z" finished-at="2020-07-24T05:49:56Z">
    <groups>
    </groups>
    <test name="Default test" duration-ms="24893" started-at="2020-07-24T05:49:31Z" finished-at="2020-07-24T05:49:56Z">
      <class name="test.test.App">
        <test-method status="PASS" signature="beforetest()[pri:0, instance:test.test.App@343f4d3d]" name="beforetest" is-config="true" duration-ms="12290" started-at="2020-07-24T11:19:31Z" finished-at="2020-07-24T11:19:44Z">
          <reporter-output>
          </reporter-output>
        </test-method> <!-- beforetest -->
        <test-method status="PASS" signature="open()[pri:0, instance:test.test.App@343f4d3d]" name="open" is-config="true" duration-ms="6020" started-at="2020-07-24T11:19:44Z" finished-at="2020-07-24T11:19:50Z">
          <reporter-output>
          </reporter-output>
        </test-method> <!-- open -->
        <test-method status="PASS" signature="test()[pri:0, instance:test.test.App@343f4d3d]" name="test" duration-ms="6518" started-at="2020-07-24T11:19:50Z" finished-at="2020-07-24T11:19:56Z">
          <reporter-output>
          </reporter-output>
        </test-method> <!-- test -->
      </class> <!-- test.test.App -->
    </test> <!-- Default test -->
  </suite> <!-- Default suite -->
</testng-results>
